<?xml version="1.0" encoding="UTF-8"?>
<testng-results ignored="0" total="2" passed="2" failed="0" skipped="0">
  <reporter-output>
  </reporter-output>
  <suite started-at="2022-11-21T16:04:33 IST" name="Suite" finished-at="2022-11-21T16:04:43 IST" duration-ms="9991">
    <groups>
    </groups>
    <test started-at="2022-11-21T16:04:33 IST" name="Test" finished-at="2022-11-21T16:04:43 IST" duration-ms="9991">
      <class name="testingWorldPractice.TC001_Registration_Functionality">
        <test-method is-config="true" signature="startBrowser()[pri:0, instance:testingWorldPractice.TC001_Registration_Functionality@5a59ca5e]" started-at="2022-11-21T16:04:38 IST" name="startBrowser" finished-at="2022-11-21T16:04:41 IST" duration-ms="3028" status="PASS">
          <reporter-output>
          </reporter-output>
        </test-method> <!-- startBrowser -->
        <test-method signature="tc001()[pri:0, instance:testingWorldPractice.TC001_Registration_Functionality@5a59ca5e]" started-at="2022-11-21T16:04:41 IST" name="tc001" finished-at="2022-11-21T16:04:42 IST" duration-ms="1085" status="PASS">
          <reporter-output>
          </reporter-output>
        </test-method> <!-- tc001 -->
        <test-method is-config="true" signature="closeBrowser()[pri:0, instance:testingWorldPractice.TC001_Registration_Functionality@5a59ca5e]" started-at="2022-11-21T16:04:42 IST" name="closeBrowser" finished-at="2022-11-21T16:04:43 IST" duration-ms="157" status="PASS">
          <reporter-output>
          </reporter-output>
        </test-method> <!-- closeBrowser -->
      </class> <!-- testingWorldPractice.TC001_Registration_Functionality -->
      <class name="testingWorldPractice.TC002_Login_Functionality">
        <test-method is-config="true" signature="startBrowser()[pri:0, instance:testingWorldPractice.TC002_Login_Functionality@31ea9581]" started-at="2022-11-21T16:04:33 IST" name="startBrowser" finished-at="2022-11-21T16:04:37 IST" duration-ms="4701" status="PASS">
          <reporter-output>
          </reporter-output>
        </test-method> <!-- startBrowser -->
        <test-method signature="tc002()[pri:0, instance:testingWorldPractice.TC002_Login_Functionality@31ea9581]" started-at="2022-11-21T16:04:37 IST" name="tc002" finished-at="2022-11-21T16:04:38 IST" duration-ms="811" status="PASS">
          <reporter-output>
          </reporter-output>
        </test-method> <!-- tc002 -->
        <test-method is-config="true" signature="closeBrowser()[pri:0, instance:testingWorldPractice.TC002_Login_Functionality@31ea9581]" started-at="2022-11-21T16:04:38 IST" name="closeBrowser" finished-at="2022-11-21T16:04:38 IST" duration-ms="160" status="PASS">
          <reporter-output>
          </reporter-output>
        </test-method> <!-- closeBrowser -->
      </class> <!-- testingWorldPractice.TC002_Login_Functionality -->
    </test> <!-- Test -->
  </suite> <!-- Suite -->
</testng-results>
